<?xml version="1.0" encoding="UTF-8"?>
<!-- Generated by org.testng.reporters.JUnitXMLReporter -->
<testsuite hostname="AK" ignored="0" name="Default test" tests="5" failures="0" timestamp="2022-10-04T17:41:21 IST" time="19.813" errors="0">
  <testcase name="loginpage_Details" time="2.611" classname="hotelbookingrunnerclass.Runnerclass"/>
  <testcase name="searchpage_Details" time="1.509" classname="hotelbookingrunnerclass.Runnerclass"/>
  <testcase name="selectpage_Details" time="0.843" classname="hotelbookingrunnerclass.Runnerclass"/>
  <testcase name="bookingpage_Details" time="8.617" classname="hotelbookingrunnerclass.Runnerclass"/>
  <testcase name="logoutpage_Details" time="0.597" classname="hotelbookingrunnerclass.Runnerclass"/>
</testsuite> <!-- Default test -->
