<?xml version="1.0" encoding="UTF-8"?>
<!-- Generated by org.testng.reporters.JUnitXMLReporter -->
<testsuite hostname="AK" ignored="0" name="hotelboooking" tests="5" failures="0" timestamp="2022-10-04T17:31:47 IST" time="19.766" errors="0">
  <testcase name="loginpage_Details" time="2.667" classname="hotelbookingrunnerclass.Runnerclass"/>
  <testcase name="searchpage_Details" time="2.308" classname="hotelbookingrunnerclass.Runnerclass"/>
  <testcase name="selectpage_Details" time="0.879" classname="hotelbookingrunnerclass.Runnerclass"/>
  <testcase name="bookingpage_Details" time="7.997" classname="hotelbookingrunnerclass.Runnerclass"/>
  <testcase name="logoutpage_Details" time="0.658" classname="hotelbookingrunnerclass.Runnerclass"/>
</testsuite> <!-- hotelboooking -->
