<?xml version="1.0" encoding="UTF-8"?>
<!-- Generated by org.testng.reporters.JUnitXMLReporter -->
<testsuite hostname="AK" ignored="5" tests="0" failures="0" timestamp="2022-09-30T19:27:22 IST" time="4.054" errors="0">
  <testcase name="loginpage_Details" time="0.0" classname="hotelbookingrunnerclass.Runnerclass">
    <ignored/>
  </testcase> <!-- loginpage_Details -->
  <testcase name="bookingpage_Details" time="0.0" classname="hotelbookingrunnerclass.Runnerclass">
    <ignored/>
  </testcase> <!-- bookingpage_Details -->
  <testcase name="searchpage_Details" time="0.0" classname="hotelbookingrunnerclass.Runnerclass">
    <ignored/>
  </testcase> <!-- searchpage_Details -->
  <testcase name="logoutpage_Details" time="0.0" classname="hotelbookingrunnerclass.Runnerclass">
    <ignored/>
  </testcase> <!-- logoutpage_Details -->
  <testcase name="selectpage_Details" time="0.0" classname="hotelbookingrunnerclass.Runnerclass">
    <ignored/>
  </testcase> <!-- selectpage_Details -->
</testsuite>
